<?xml version="1.0" encoding="UTF-8"?>
<coverage generated="1551964572705" clover="3.2.0">
  <project timestamp="1551964572705" name="All files">
    <metrics statements="94" coveredstatements="0" conditionals="38" coveredconditionals="0" methods="44" coveredmethods="0" elements="176" coveredelements="0" complexity="0" loc="94" ncloc="94" packages="6" files="10" classes="10"/>
    <package name="boot">
      <metrics statements="20" coveredstatements="0" conditionals="22" coveredconditionals="0" methods="9" coveredmethods="0"/>
      <file name="firebase.js" path="/Users/adamkpurdy/Sites/KPA PRODUCTIONS/Quasar Community/extensions/ae-firebase-authentication/fb-test-app/src/boot/firebase.js">
        <metrics statements="10" coveredstatements="0" conditionals="16" coveredconditionals="0" methods="4" coveredmethods="0"/>
        <line num="4" count="0" type="cond" truecount="0" falsecount="2"/>
        <line num="5" count="0" type="stmt"/>
        <line num="6" count="0" type="stmt"/>
        <line num="7" count="0" type="stmt"/>
        <line num="8" count="0" type="stmt"/>
        <line num="10" count="0" type="cond" truecount="0" falsecount="4"/>
        <line num="11" count="0" type="cond" truecount="0" falsecount="5"/>
        <line num="12" count="0" type="cond" truecount="0" falsecount="5"/>
        <line num="13" count="0" type="stmt"/>
        <line num="19" count="0" type="stmt"/>
      </file>
      <file name="routeGuard.js" path="/Users/adamkpurdy/Sites/KPA PRODUCTIONS/Quasar Community/extensions/ae-firebase-authentication/fb-test-app/src/boot/routeGuard.js">
        <metrics statements="9" coveredstatements="0" conditionals="6" coveredconditionals="0" methods="4" coveredmethods="0"/>
        <line num="2" count="0" type="stmt"/>
        <line num="5" count="0" type="stmt"/>
        <line num="8" count="0" type="cond" truecount="0" falsecount="2"/>
        <line num="9" count="0" type="stmt"/>
        <line num="10" count="0" type="stmt"/>
        <line num="11" count="0" type="stmt"/>
        <line num="12" count="0" type="stmt"/>
        <line num="13" count="0" type="cond" truecount="0" falsecount="4"/>
        <line num="20" count="0" type="stmt"/>
      </file>
      <file name="vuelidate.js" path="/Users/adamkpurdy/Sites/KPA PRODUCTIONS/Quasar Community/extensions/ae-firebase-authentication/fb-test-app/src/boot/vuelidate.js">
        <metrics statements="1" coveredstatements="0" conditionals="0" coveredconditionals="0" methods="1" coveredmethods="0"/>
        <line num="5" count="0" type="stmt"/>
      </file>
    </package>
    <package name="components">
      <metrics statements="39" coveredstatements="0" conditionals="12" coveredconditionals="0" methods="14" coveredmethods="0"/>
      <file name="Q-AE-Auth.vue" path="/Users/adamkpurdy/Sites/KPA PRODUCTIONS/Quasar Community/extensions/ae-firebase-authentication/fb-test-app/src/components/Q-AE-Auth.vue">
        <metrics statements="37" coveredstatements="0" conditionals="12" coveredconditionals="0" methods="12" coveredmethods="0"/>
        <line num="78" count="0" type="stmt"/>
        <line num="79" count="0" type="stmt"/>
        <line num="88" count="0" type="stmt"/>
        <line num="91" count="0" type="cond" truecount="0" falsecount="2"/>
        <line num="95" count="0" type="stmt"/>
        <line num="109" count="0" type="stmt"/>
        <line num="114" count="0" type="stmt"/>
        <line num="115" count="0" type="stmt"/>
        <line num="116" count="0" type="stmt"/>
        <line num="117" count="0" type="stmt"/>
        <line num="119" count="0" type="stmt"/>
        <line num="123" count="0" type="stmt"/>
        <line num="124" count="0" type="stmt"/>
        <line num="129" count="0" type="stmt"/>
        <line num="132" count="0" type="stmt"/>
        <line num="133" count="0" type="stmt"/>
        <line num="138" count="0" type="stmt"/>
        <line num="141" count="0" type="stmt"/>
        <line num="142" count="0" type="cond" truecount="0" falsecount="4"/>
        <line num="143" count="0" type="stmt"/>
        <line num="144" count="0" type="stmt"/>
        <line num="145" count="0" type="stmt"/>
        <line num="150" count="0" type="stmt"/>
        <line num="151" count="0" type="stmt"/>
        <line num="153" count="0" type="stmt"/>
        <line num="155" count="0" type="cond" truecount="0" falsecount="4"/>
        <line num="156" count="0" type="stmt"/>
        <line num="157" count="0" type="stmt"/>
        <line num="158" count="0" type="stmt"/>
        <line num="163" count="0" type="stmt"/>
        <line num="164" count="0" type="stmt"/>
        <line num="166" count="0" type="stmt"/>
        <line num="170" count="0" type="cond" truecount="0" falsecount="2"/>
        <line num="175" count="0" type="stmt"/>
        <line num="176" count="0" type="stmt"/>
        <line num="177" count="0" type="stmt"/>
        <line num="178" count="0" type="stmt"/>
      </file>
      <file name="User.vue" path="/Users/adamkpurdy/Sites/KPA PRODUCTIONS/Quasar Community/extensions/ae-firebase-authentication/fb-test-app/src/components/User.vue">
        <metrics statements="2" coveredstatements="0" conditionals="0" coveredconditionals="0" methods="2" coveredmethods="0"/>
        <line num="9" count="0" type="stmt"/>
        <line num="12" count="0" type="stmt"/>
      </file>
    </package>
    <package name="layouts">
      <metrics statements="2" coveredstatements="0" conditionals="0" coveredconditionals="0" methods="1" coveredmethods="0"/>
      <file name="MyLayout.vue" path="/Users/adamkpurdy/Sites/KPA PRODUCTIONS/Quasar Community/extensions/ae-firebase-authentication/fb-test-app/src/layouts/MyLayout.vue">
        <metrics statements="2" coveredstatements="0" conditionals="0" coveredconditionals="0" methods="1" coveredmethods="0"/>
        <line num="85" count="0" type="stmt"/>
        <line num="90" count="0" type="stmt"/>
      </file>
    </package>
    <package name="router">
      <metrics statements="13" coveredstatements="0" conditionals="2" coveredconditionals="0" methods="8" coveredmethods="0"/>
      <file name="index.js" path="/Users/adamkpurdy/Sites/KPA PRODUCTIONS/Quasar Community/extensions/ae-firebase-authentication/fb-test-app/src/router/index.js">
        <metrics statements="4" coveredstatements="0" conditionals="0" coveredconditionals="0" methods="2" coveredmethods="0"/>
        <line num="6" count="0" type="stmt"/>
        <line num="14" count="0" type="stmt"/>
        <line num="15" count="0" type="stmt"/>
        <line num="25" count="0" type="stmt"/>
      </file>
      <file name="routes.js" path="/Users/adamkpurdy/Sites/KPA PRODUCTIONS/Quasar Community/extensions/ae-firebase-authentication/fb-test-app/src/router/routes.js">
        <metrics statements="9" coveredstatements="0" conditionals="2" coveredconditionals="0" methods="6" coveredmethods="0"/>
        <line num="2" count="0" type="stmt"/>
        <line num="5" count="0" type="stmt"/>
        <line num="7" count="0" type="stmt"/>
        <line num="8" count="0" type="stmt"/>
        <line num="9" count="0" type="stmt"/>
        <line num="10" count="0" type="stmt"/>
        <line num="16" count="0" type="cond" truecount="0" falsecount="2"/>
        <line num="17" count="0" type="stmt"/>
        <line num="19" count="0" type="stmt"/>
      </file>
    </package>
    <package name="services">
      <metrics statements="15" coveredstatements="0" conditionals="0" coveredconditionals="0" methods="11" coveredmethods="0"/>
      <file name="FirebaseService.js" path="/Users/adamkpurdy/Sites/KPA PRODUCTIONS/Quasar Community/extensions/ae-firebase-authentication/fb-test-app/src/services/FirebaseService.js">
        <metrics statements="15" coveredstatements="0" conditionals="0" coveredconditionals="0" methods="11" coveredmethods="0"/>
        <line num="3" count="0" type="stmt"/>
        <line num="7" count="0" type="stmt"/>
        <line num="11" count="0" type="stmt"/>
        <line num="15" count="0" type="stmt"/>
        <line num="19" count="0" type="stmt"/>
        <line num="20" count="0" type="stmt"/>
        <line num="22" count="0" type="stmt"/>
        <line num="23" count="0" type="stmt"/>
        <line num="26" count="0" type="stmt"/>
        <line num="32" count="0" type="stmt"/>
        <line num="33" count="0" type="stmt"/>
        <line num="34" count="0" type="stmt"/>
        <line num="36" count="0" type="stmt"/>
        <line num="37" count="0" type="stmt"/>
        <line num="40" count="0" type="stmt"/>
      </file>
    </package>
    <package name="utils">
      <metrics statements="5" coveredstatements="0" conditionals="2" coveredconditionals="0" methods="1" coveredmethods="0"/>
      <file name="utilFunctions.js" path="/Users/adamkpurdy/Sites/KPA PRODUCTIONS/Quasar Community/extensions/ae-firebase-authentication/fb-test-app/src/utils/utilFunctions.js">
        <metrics statements="5" coveredstatements="0" conditionals="2" coveredconditionals="0" methods="1" coveredmethods="0"/>
        <line num="1" count="0" type="stmt"/>
        <line num="2" count="0" type="stmt"/>
        <line num="3" count="0" type="cond" truecount="0" falsecount="2"/>
        <line num="4" count="0" type="stmt"/>
        <line num="6" count="0" type="stmt"/>
      </file>
    </package>
  </project>
</coverage>
