<?xml version="1.0" encoding="UTF-8"?>
<coverage generated="1551111529560" clover="3.2.0">
  <project timestamp="1551111529560" name="All files">
    <metrics statements="14" coveredstatements="0" conditionals="2" coveredconditionals="0" methods="8" coveredmethods="0" elements="24" coveredelements="0" complexity="0" loc="14" ncloc="14" packages="2" files="3" classes="3"/>
    <package name="layouts">
      <metrics statements="2" coveredstatements="0" conditionals="0" coveredconditionals="0" methods="1" coveredmethods="0"/>
      <file name="MyLayout.vue" path="/Users/adamkpurdy/Sites/KPA PRODUCTIONS/Quasar Community/extensions/ae-firebase-authentication/fb-test-app/src/layouts/MyLayout.vue">
        <metrics statements="2" coveredstatements="0" conditionals="0" coveredconditionals="0" methods="1" coveredmethods="0"/>
        <line num="85" count="0" type="stmt"/>
        <line num="90" count="0" type="stmt"/>
      </file>
    </package>
    <package name="router">
      <metrics statements="12" coveredstatements="0" conditionals="2" coveredconditionals="0" methods="7" coveredmethods="0"/>
      <file name="index.js" path="/Users/adamkpurdy/Sites/KPA PRODUCTIONS/Quasar Community/extensions/ae-firebase-authentication/fb-test-app/src/router/index.js">
        <metrics statements="4" coveredstatements="0" conditionals="0" coveredconditionals="0" methods="2" coveredmethods="0"/>
        <line num="6" count="0" type="stmt"/>
        <line num="14" count="0" type="stmt"/>
        <line num="15" count="0" type="stmt"/>
        <line num="25" count="0" type="stmt"/>
      </file>
      <file name="routes.js" path="/Users/adamkpurdy/Sites/KPA PRODUCTIONS/Quasar Community/extensions/ae-firebase-authentication/fb-test-app/src/router/routes.js">
        <metrics statements="8" coveredstatements="0" conditionals="2" coveredconditionals="0" methods="5" coveredmethods="0"/>
        <line num="2" count="0" type="stmt"/>
        <line num="5" count="0" type="stmt"/>
        <line num="7" count="0" type="stmt"/>
        <line num="8" count="0" type="stmt"/>
        <line num="9" count="0" type="stmt"/>
        <line num="15" count="0" type="cond" truecount="0" falsecount="2"/>
        <line num="16" count="0" type="stmt"/>
        <line num="18" count="0" type="stmt"/>
      </file>
    </package>
  </project>
</coverage>
