{"/Users/adamkpurdy/Sites/KPA PRODUCTIONS/Quasar Community/extensions/ae-firebase-authentication/fb-test-app/src/layouts/MyLayout.vue": {"path":"/Users/adamkpurdy/Sites/KPA PRODUCTIONS/Quasar Community/extensions/ae-firebase-authentication/fb-test-app/src/layouts/MyLayout.vue","statementMap":{"0":{"start":{"line":85,"column":0},"end":{"line":85,"column":null}},"1":{"start":{"line":90,"column":0},"end":{"line":90,"column":null}}},"fnMap":{"0":{"name":"data","decl":{"start":{"line":89,"column":0},"end":{"line":89,"column":null}},"loc":{"start":{"line":89,"column":0},"end":{"line":93,"column":null}}}},"branchMap":{},"s":{"0":0,"1":0},"f":{"0":0},"b":{}}
,"/Users/adamkpurdy/Sites/KPA PRODUCTIONS/Quasar Community/extensions/ae-firebase-authentication/fb-test-app/src/router/index.js": {"path":"/Users/adamkpurdy/Sites/KPA PRODUCTIONS/Quasar Community/extensions/ae-firebase-authentication/fb-test-app/src/router/index.js","statementMap":{"0":{"start":{"line":6,"column":0},"end":{"line":6,"column":18}},"1":{"start":{"line":14,"column":17},"end":{"line":23,"column":4}},"2":{"start":{"line":15,"column":27},"end":{"line":15,"column":35}},"3":{"start":{"line":25,"column":2},"end":{"line":25,"column":15}}},"fnMap":{"0":{"name":"(anonymous_0)","decl":{"start":{"line":13,"column":15},"end":{"line":13,"column":16}},"loc":{"start":{"line":13,"column":54},"end":{"line":26,"column":1}},"line":13},"1":{"name":"(anonymous_1)","decl":{"start":{"line":15,"column":20},"end":{"line":15,"column":21}},"loc":{"start":{"line":15,"column":27},"end":{"line":15,"column":35}},"line":15}},"branchMap":{},"s":{"0":0,"1":0,"2":0,"3":0},"f":{"0":0,"1":0},"b":{}}
,"/Users/adamkpurdy/Sites/KPA PRODUCTIONS/Quasar Community/extensions/ae-firebase-authentication/fb-test-app/src/router/routes.js": {"path":"/Users/adamkpurdy/Sites/KPA PRODUCTIONS/Quasar Community/extensions/ae-firebase-authentication/fb-test-app/src/router/routes.js","statementMap":{"0":{"start":{"line":2,"column":15},"end":{"line":12,"column":1}},"1":{"start":{"line":5,"column":21},"end":{"line":5,"column":51}},"2":{"start":{"line":7,"column":51},"end":{"line":7,"column":76}},"3":{"start":{"line":8,"column":56},"end":{"line":8,"column":90}},"4":{"start":{"line":9,"column":62},"end":{"line":9,"column":96}},"5":{"start":{"line":15,"column":0},"end":{"line":20,"column":1}},"6":{"start":{"line":16,"column":2},"end":{"line":19,"column":4}},"7":{"start":{"line":18,"column":21},"end":{"line":18,"column":49}}},"fnMap":{"0":{"name":"(anonymous_0)","decl":{"start":{"line":5,"column":15},"end":{"line":5,"column":16}},"loc":{"start":{"line":5,"column":21},"end":{"line":5,"column":51}},"line":5},"1":{"name":"(anonymous_1)","decl":{"start":{"line":7,"column":45},"end":{"line":7,"column":46}},"loc":{"start":{"line":7,"column":51},"end":{"line":7,"column":76}},"line":7},"2":{"name":"(anonymous_2)","decl":{"start":{"line":8,"column":50},"end":{"line":8,"column":51}},"loc":{"start":{"line":8,"column":56},"end":{"line":8,"column":90}},"line":8},"3":{"name":"(anonymous_3)","decl":{"start":{"line":9,"column":56},"end":{"line":9,"column":57}},"loc":{"start":{"line":9,"column":62},"end":{"line":9,"column":96}},"line":9},"4":{"name":"(anonymous_4)","decl":{"start":{"line":18,"column":15},"end":{"line":18,"column":16}},"loc":{"start":{"line":18,"column":21},"end":{"line":18,"column":49}},"line":18}},"branchMap":{"0":{"loc":{"start":{"line":15,"column":0},"end":{"line":20,"column":1}},"type":"if","locations":[{"start":{"line":15,"column":0},"end":{"line":20,"column":1}},{"start":{"line":15,"column":0},"end":{"line":20,"column":1}}],"line":15}},"s":{"0":0,"1":0,"2":0,"3":0,"4":0,"5":0,"6":0,"7":0},"f":{"0":0,"1":0,"2":0,"3":0,"4":0},"b":{"0":[0,0]}}
}
