TN:
SF:/Users/adamkpurdy/Sites/KPA PRODUCTIONS/Quasar Community/extensions/ae-firebase-authentication/fb-test-app/src/layouts/MyLayout.vue
FN:89,data
FNF:1
FNH:0
FNDA:0,data
DA:85,0
DA:90,0
LF:2
LH:0
BRF:0
BRH:0
end_of_record
TN:
SF:/Users/adamkpurdy/Sites/KPA PRODUCTIONS/Quasar Community/extensions/ae-firebase-authentication/fb-test-app/src/router/index.js
FN:13,(anonymous_0)
FN:15,(anonymous_1)
FNF:2
FNH:0
FNDA:0,(anonymous_0)
FNDA:0,(anonymous_1)
DA:6,0
DA:14,0
DA:15,0
DA:25,0
LF:4
LH:0
BRF:0
BRH:0
end_of_record
TN:
SF:/Users/adamkpurdy/Sites/KPA PRODUCTIONS/Quasar Community/extensions/ae-firebase-authentication/fb-test-app/src/router/routes.js
FN:5,(anonymous_0)
FN:7,(anonymous_1)
FN:8,(anonymous_2)
FN:9,(anonymous_3)
FN:18,(anonymous_4)
FNF:5
FNH:0
FNDA:0,(anonymous_0)
FNDA:0,(anonymous_1)
FNDA:0,(anonymous_2)
FNDA:0,(anonymous_3)
FNDA:0,(anonymous_4)
DA:2,0
DA:5,0
DA:7,0
DA:8,0
DA:9,0
DA:15,0
DA:16,0
DA:18,0
LF:8
LH:0
BRDA:15,0,0,0
BRDA:15,0,1,0
BRF:2
BRH:0
end_of_record
