TN:
SF:/Users/adamkpurdy/Sites/KPA PRODUCTIONS/Quasar Community/extensions/ae-firebase-authentication/fb-test-app/src/boot/firebase.js
FN:3,(anonymous_0)
FN:5,(anonymous_1)
FN:6,(anonymous_2)
FN:8,(anonymous_3)
FNF:4
FNH:0
FNDA:0,(anonymous_0)
FNDA:0,(anonymous_1)
FNDA:0,(anonymous_2)
FNDA:0,(anonymous_3)
DA:4,0
DA:5,0
DA:6,0
DA:7,0
DA:8,0
DA:10,0
DA:11,0
DA:12,0
DA:13,0
DA:19,0
LF:10
LH:0
BRDA:4,0,0,0
BRDA:4,0,1,0
BRDA:10,1,0,0
BRDA:10,1,1,0
BRDA:10,2,0,0
BRDA:10,2,1,0
BRDA:11,3,0,0
BRDA:11,3,1,0
BRDA:11,4,0,0
BRDA:11,4,1,0
BRDA:11,4,2,0
BRDA:12,5,0,0
BRDA:12,5,1,0
BRDA:12,6,0,0
BRDA:12,6,1,0
BRDA:12,6,2,0
BRF:16
BRH:0
end_of_record
TN:
SF:/Users/adamkpurdy/Sites/KPA PRODUCTIONS/Quasar Community/extensions/ae-firebase-authentication/fb-test-app/src/boot/routeGuard.js
FN:4,(anonymous_0)
FN:9,(anonymous_1)
FN:10,(anonymous_2)
FN:12,(anonymous_3)
FNF:4
FNH:0
FNDA:0,(anonymous_0)
FNDA:0,(anonymous_1)
FNDA:0,(anonymous_2)
FNDA:0,(anonymous_3)
DA:2,0
DA:5,0
DA:8,0
DA:9,0
DA:10,0
DA:11,0
DA:12,0
DA:13,0
DA:20,0
LF:9
LH:0
BRDA:8,0,0,0
BRDA:8,0,1,0
BRDA:13,1,0,0
BRDA:13,1,1,0
BRDA:13,2,0,0
BRDA:13,2,1,0
BRF:6
BRH:0
end_of_record
TN:
SF:/Users/adamkpurdy/Sites/KPA PRODUCTIONS/Quasar Community/extensions/ae-firebase-authentication/fb-test-app/src/boot/vuelidate.js
FN:4,(anonymous_0)
FNF:1
FNH:0
FNDA:0,(anonymous_0)
DA:5,0
LF:1
LH:0
BRF:0
BRH:0
end_of_record
TN:
SF:/Users/adamkpurdy/Sites/KPA PRODUCTIONS/Quasar Community/extensions/ae-firebase-authentication/fb-test-app/src/components/Q-AE-Auth.vue
FN:87,isRegisterUser
FN:90,getAuthType
FN:94,data
FN:108,(anonymous_4)
FN:114,authenticate
FN:117,(anonymous_6)
FN:130,(anonymous_7)
FN:141,checkCredentials
FN:150,(anonymous_9)
FN:163,(anonymous_10)
FN:169,performAuthentication
FN:174,resetFormFields
FNF:12
FNH:0
FNDA:0,isRegisterUser
FNDA:0,getAuthType
FNDA:0,data
FNDA:0,(anonymous_4)
FNDA:0,authenticate
FNDA:0,(anonymous_6)
FNDA:0,(anonymous_7)
FNDA:0,checkCredentials
FNDA:0,(anonymous_9)
FNDA:0,(anonymous_10)
FNDA:0,performAuthentication
FNDA:0,resetFormFields
DA:78,0
DA:79,0
DA:88,0
DA:91,0
DA:95,0
DA:109,0
DA:114,0
DA:115,0
DA:116,0
DA:117,0
DA:119,0
DA:123,0
DA:124,0
DA:129,0
DA:132,0
DA:133,0
DA:138,0
DA:141,0
DA:142,0
DA:143,0
DA:144,0
DA:145,0
DA:150,0
DA:151,0
DA:153,0
DA:155,0
DA:156,0
DA:157,0
DA:158,0
DA:163,0
DA:164,0
DA:166,0
DA:170,0
DA:175,0
DA:176,0
DA:177,0
DA:178,0
LF:37
LH:0
BRDA:91,0,0,0
BRDA:91,0,1,0
BRDA:142,1,0,0
BRDA:142,1,1,0
BRDA:142,2,0,0
BRDA:142,2,1,0
BRDA:155,3,0,0
BRDA:155,3,1,0
BRDA:155,4,0,0
BRDA:155,4,1,0
BRDA:170,5,0,0
BRDA:170,5,1,0
BRF:12
BRH:0
end_of_record
TN:
SF:/Users/adamkpurdy/Sites/KPA PRODUCTIONS/Quasar Community/extensions/ae-firebase-authentication/fb-test-app/src/components/User.vue
FN:8,created
FN:11,data
FNF:2
FNH:0
FNDA:0,created
FNDA:0,data
DA:9,0
DA:12,0
LF:2
LH:0
BRF:0
BRH:0
end_of_record
TN:
SF:/Users/adamkpurdy/Sites/KPA PRODUCTIONS/Quasar Community/extensions/ae-firebase-authentication/fb-test-app/src/layouts/MyLayout.vue
FN:89,data
FNF:1
FNH:0
FNDA:0,data
DA:85,0
DA:90,0
LF:2
LH:0
BRF:0
BRH:0
end_of_record
TN:
SF:/Users/adamkpurdy/Sites/KPA PRODUCTIONS/Quasar Community/extensions/ae-firebase-authentication/fb-test-app/src/router/index.js
FN:13,(anonymous_0)
FN:15,(anonymous_1)
FNF:2
FNH:0
FNDA:0,(anonymous_0)
FNDA:0,(anonymous_1)
DA:6,0
DA:14,0
DA:15,0
DA:25,0
LF:4
LH:0
BRF:0
BRH:0
end_of_record
TN:
SF:/Users/adamkpurdy/Sites/KPA PRODUCTIONS/Quasar Community/extensions/ae-firebase-authentication/fb-test-app/src/router/routes.js
FN:5,(anonymous_0)
FN:7,(anonymous_1)
FN:8,(anonymous_2)
FN:9,(anonymous_3)
FN:10,(anonymous_4)
FN:19,(anonymous_5)
FNF:6
FNH:0
FNDA:0,(anonymous_0)
FNDA:0,(anonymous_1)
FNDA:0,(anonymous_2)
FNDA:0,(anonymous_3)
FNDA:0,(anonymous_4)
FNDA:0,(anonymous_5)
DA:2,0
DA:5,0
DA:7,0
DA:8,0
DA:9,0
DA:10,0
DA:16,0
DA:17,0
DA:19,0
LF:9
LH:0
BRDA:16,0,0,0
BRDA:16,0,1,0
BRF:2
BRH:0
end_of_record
TN:
SF:/Users/adamkpurdy/Sites/KPA PRODUCTIONS/Quasar Community/extensions/ae-firebase-authentication/fb-test-app/src/services/FirebaseService.js
FN:6,(anonymous_0)
FN:10,(anonymous_1)
FN:14,(anonymous_2)
FN:18,(anonymous_3)
FN:19,(anonymous_4)
FN:21,(anonymous_5)
FN:25,(anonymous_6)
FN:31,(anonymous_7)
FN:32,(anonymous_8)
FN:35,(anonymous_9)
FN:39,(anonymous_10)
FNF:11
FNH:0
FNDA:0,(anonymous_0)
FNDA:0,(anonymous_1)
FNDA:0,(anonymous_2)
FNDA:0,(anonymous_3)
FNDA:0,(anonymous_4)
FNDA:0,(anonymous_5)
FNDA:0,(anonymous_6)
FNDA:0,(anonymous_7)
FNDA:0,(anonymous_8)
FNDA:0,(anonymous_9)
FNDA:0,(anonymous_10)
DA:3,0
DA:7,0
DA:11,0
DA:15,0
DA:19,0
DA:20,0
DA:22,0
DA:23,0
DA:26,0
DA:32,0
DA:33,0
DA:34,0
DA:36,0
DA:37,0
DA:40,0
LF:15
LH:0
BRF:0
BRH:0
end_of_record
TN:
SF:/Users/adamkpurdy/Sites/KPA PRODUCTIONS/Quasar Community/extensions/ae-firebase-authentication/fb-test-app/src/utils/utilFunctions.js
FN:1,(anonymous_0)
FNF:1
FNH:0
FNDA:0,(anonymous_0)
DA:1,0
DA:2,0
DA:3,0
DA:4,0
DA:6,0
LF:5
LH:0
BRDA:3,0,0,0
BRDA:3,0,1,0
BRF:2
BRH:0
end_of_record
